<?xml version="1.0" encoding="UTF-8"?>
<robot generator="Robot 3.1.1 (Python 3.7.3 on win32)" generated="20190521 15:22:54.798" rpa="false">
<suite id="s1" name="Google search succes" source="C:\Project\Selenium_Project02\robot\Google_search_succes.robot">
<test id="s1-t1" name="1. Open web google">
<kw name="Open Browser" library="Selenium2Library">
<doc>Opens a new browser instance to the given ``url``.</doc>
<arguments>
<arg>${url}</arg>
<arg>${Browser}</arg>
</arguments>
<msg timestamp="20190521 15:22:54.963" level="INFO">Opening browser 'chrome' to base url 'https://www.google.co.th/'.</msg>
<status status="PASS" starttime="20190521 15:22:54.963" endtime="20190521 15:22:58.274"></status>
</kw>
<kw name="Maximize Browser Window" library="Selenium2Library">
<doc>Maximizes current browser window.</doc>
<status status="PASS" starttime="20190521 15:22:58.275" endtime="20190521 15:22:59.421"></status>
</kw>
<kw name="Set Selenium Speed" library="Selenium2Library">
<doc>Sets the delay that is waited after each Selenium command.</doc>
<arguments>
<arg>0.3</arg>
</arguments>
<status status="PASS" starttime="20190521 15:22:59.422" endtime="20190521 15:22:59.422"></status>
</kw>
<status status="PASS" starttime="20190521 15:22:54.962" endtime="20190521 15:22:59.424" critical="yes"></status>
</test>
<test id="s1-t2" name="2. Search Robot Framework">
<kw name="Input Text" library="Selenium2Library">
<doc>Types the given ``text`` into text field identified by ``locator``.</doc>
<arguments>
<arg>name=q</arg>
<arg>Robot Framework</arg>
</arguments>
<msg timestamp="20190521 15:22:59.427" level="INFO">Typing text 'Robot Framework' into text field 'name=q'.</msg>
<status status="PASS" starttime="20190521 15:22:59.427" endtime="20190521 15:23:00.548"></status>
</kw>
<status status="PASS" starttime="20190521 15:22:59.426" endtime="20190521 15:23:00.549" critical="yes"></status>
</test>
<test id="s1-t3" name="3. Click button">
<kw name="Click Button" library="Selenium2Library">
<doc>Clicks button identified by ``locator``.</doc>
<arguments>
<arg>name=btnK</arg>
</arguments>
<msg timestamp="20190521 15:23:00.557" level="INFO">Clicking button 'name=btnK'.</msg>
<status status="PASS" starttime="20190521 15:23:00.555" endtime="20190521 15:23:03.103"></status>
</kw>
<status status="PASS" starttime="20190521 15:23:00.553" endtime="20190521 15:23:03.103" critical="yes"></status>
</test>
<test id="s1-t4" name="4. click Robot Framework">
<kw name="Click Element" library="Selenium2Library">
<doc>Click element identified by ``locator``.</doc>
<arguments>
<arg>//h3[@class="LC20lb"]</arg>
</arguments>
<msg timestamp="20190521 15:23:03.106" level="INFO">Clicking element '//h3[@class="LC20lb"]'.</msg>
<status status="PASS" starttime="20190521 15:23:03.106" endtime="20190521 15:23:06.219"></status>
</kw>
<status status="PASS" starttime="20190521 15:23:03.105" endtime="20190521 15:23:06.219" critical="yes"></status>
</test>
<test id="s1-t5" name="5. Checking result">
<kw name="Get Text" library="Selenium2Library">
<doc>Returns the text value of element identified by ``locator``.</doc>
<arguments>
<arg>//h1[@class="main-header"]</arg>
</arguments>
<assign>
<var>${result}</var>
</assign>
<msg timestamp="20190521 15:23:06.850" level="INFO">${result} = ROBOT FRAME WORK/</msg>
<status status="PASS" starttime="20190521 15:23:06.221" endtime="20190521 15:23:06.850"></status>
</kw>
<kw name="Log To Console" library="BuiltIn">
<doc>Logs the given message to the console.</doc>
<arguments>
<arg>${result}</arg>
</arguments>
<status status="PASS" starttime="20190521 15:23:06.851" endtime="20190521 15:23:06.853"></status>
</kw>
<kw name="Should Be Equal" library="BuiltIn">
<doc>Fails if the given objects are unequal.</doc>
<arguments>
<arg>${result}</arg>
<arg>${expect}</arg>
</arguments>
<status status="PASS" starttime="20190521 15:23:06.854" endtime="20190521 15:23:06.855"></status>
</kw>
<status status="PASS" starttime="20190521 15:23:06.221" endtime="20190521 15:23:06.856" critical="yes"></status>
</test>
<test id="s1-t6" name="6. Capture result">
<kw name="Capture Page Screenshot" library="Selenium2Library">
<doc>Takes screenshot of the current page and embeds it into log file.</doc>
<arguments>
<arg>${filename}.${TYPE OF FILE}</arg>
</arguments>
<msg timestamp="20190521 15:23:07.532" level="INFO" html="yes">&lt;/td&gt;&lt;/tr&gt;&lt;tr&gt;&lt;td colspan="3"&gt;&lt;a href="reports/shot01_google.png"&gt;&lt;img src="reports/shot01_google.png" width="800px"&gt;&lt;/a&gt;</msg>
<status status="PASS" starttime="20190521 15:23:06.862" endtime="20190521 15:23:07.533"></status>
</kw>
<status status="PASS" starttime="20190521 15:23:06.861" endtime="20190521 15:23:07.534" critical="yes"></status>
</test>
<test id="s1-t7" name="7. log out">
<kw name="Close Browser" library="Selenium2Library">
<doc>Closes the current browser.</doc>
<status status="PASS" starttime="20190521 15:23:07.552" endtime="20190521 15:23:09.954"></status>
</kw>
<status status="PASS" starttime="20190521 15:23:07.547" endtime="20190521 15:23:09.956" critical="yes"></status>
</test>
<doc>This is a simple test with Robot Framework</doc>
<status status="PASS" starttime="20190521 15:22:54.801" endtime="20190521 15:23:09.959"></status>
</suite>
<statistics>
<total>
<stat pass="7" fail="0">Critical Tests</stat>
<stat pass="7" fail="0">All Tests</stat>
</total>
<tag>
</tag>
<suite>
<stat pass="7" fail="0" id="s1" name="Google search succes">Google search succes</stat>
</suite>
</statistics>
<errors>
</errors>
</robot>
